<?xml version="1.0" encoding="UTF-8"?>
<!-- Generated by org.testng.reporters.JUnitReportReporter -->
<testsuite name="testCases.CreateAnAccountToMyStore" tests="2" time="86.079" ignored="0" failures="0" timestamp="27 Oct 2021 03:40:57 GMT" skipped="0" hostname="LAPTOP-29E7URT6" errors="0">
  <testcase name="createAnAccountToMyStore" time="44.991" classname="testCases.CreateAnAccountToMyStore"/>
  <testcase name="createAnAccountToMyStore" time="41.088" classname="testCases.CreateAnAccountToMyStore"/>
</testsuite> <!-- testCases.CreateAnAccountToMyStore -->
