<?xml version="1.0" encoding="UTF-8"?>
<!-- Generated by org.testng.reporters.JUnitReportReporter -->
<testsuite name="testCases.CreateAnAccountToMyStore3" tests="1" time="0.002" ignored="8" failures="0" timestamp="15 Nov 2021 15:28:52 GMT" skipped="1" hostname="LAPTOP-29E7URT6" errors="0">
  <testcase name="createAnAccountToMyStore3" time="0.002" classname="testCases.CreateAnAccountToMyStore3">
    <skipped/>
  </testcase> <!-- createAnAccountToMyStore3 -->
  <testcase name="generateReport" classname="testBase.TestBase_B11">
    <skipped/>
  </testcase> <!-- generateReport -->
  <testcase name="generateReport" classname="testBase.TestBase_B11">
    <skipped/>
  </testcase> <!-- generateReport -->
  <testcase name="generateReport" classname="testBase.TestBase_B11">
    <skipped/>
  </testcase> <!-- generateReport -->
  <testcase name="generateReport" classname="testBase.TestBase_B11">
    <skipped/>
  </testcase> <!-- generateReport -->
  <testcase name="initialization" classname="testBase.TestBase_B11">
    <skipped/>
  </testcase> <!-- initialization -->
  <testcase name="initialization" classname="testBase.TestBase_B11">
    <skipped/>
  </testcase> <!-- initialization -->
  <testcase name="initialization" classname="testBase.TestBase_B11">
    <skipped/>
  </testcase> <!-- initialization -->
  <testcase name="initialization" classname="testBase.TestBase_B11">
    <skipped/>
  </testcase> <!-- initialization -->
</testsuite> <!-- testCases.CreateAnAccountToMyStore3 -->
