<?xml version="1.0" encoding="UTF-8"?>
<!-- Generated by org.testng.reporters.JUnitReportReporter -->
<testsuite name="testpckg.TestClass" tests="1" time="0.014" ignored="0" failures="0" timestamp="07 Oct 2021 02:29:58 GMT" skipped="0" hostname="LAPTOP-29E7URT6" errors="0">
  <testcase name="name" time="0.014" classname="testpckg.TestClass"/>
</testsuite> <!-- testpckg.TestClass -->
