<?xml version="1.0" encoding="UTF-8"?>
<!-- Generated by org.testng.reporters.JUnitReportReporter -->
<testsuite name="testCases.CreateAnAccountToMyStore2" tests="1" time="0.003" ignored="8" failures="0" timestamp="10 Nov 2021 03:58:40 GMT" skipped="1" hostname="LAPTOP-29E7URT6" errors="0">
  <testcase name="createAnAccountToMyStore2" time="0.003" classname="testCases.CreateAnAccountToMyStore2">
    <skipped/>
  </testcase> <!-- createAnAccountToMyStore2 -->
  <testcase name="generateReport" classname="testBase.TestBase_B11">
    <skipped/>
  </testcase> <!-- generateReport -->
  <testcase name="generateReport" classname="testBase.TestBase_B11">
    <skipped/>
  </testcase> <!-- generateReport -->
  <testcase name="generateReport" classname="testBase.TestBase_B11">
    <skipped/>
  </testcase> <!-- generateReport -->
  <testcase name="generateReport" classname="testBase.TestBase_B11">
    <skipped/>
  </testcase> <!-- generateReport -->
  <testcase name="initialization" classname="testBase.TestBase_B11">
    <skipped/>
  </testcase> <!-- initialization -->
  <testcase name="initialization" classname="testBase.TestBase_B11">
    <skipped/>
  </testcase> <!-- initialization -->
  <testcase name="initialization" classname="testBase.TestBase_B11">
    <skipped/>
  </testcase> <!-- initialization -->
  <testcase name="initialization" classname="testBase.TestBase_B11">
    <skipped/>
  </testcase> <!-- initialization -->
</testsuite> <!-- testCases.CreateAnAccountToMyStore2 -->
