<?xml version="1.0" encoding="UTF-8"?>
<!-- Generated by org.testng.reporters.JUnitReportReporter -->
<testsuite name="testpckg.TestNGAnnotations" tests="3" time="0.017" ignored="0" failures="0" timestamp="07 Oct 2021 03:14:08 GMT" skipped="0" hostname="LAPTOP-29E7URT6" errors="0">
  <testcase name="testCase1" time="0.010" classname="testpckg.TestNGAnnotations"/>
  <testcase name="testCase2" time="0.003" classname="testpckg.TestNGAnnotations"/>
  <testcase name="testCase3" time="0.004" classname="testpckg.TestNGAnnotations"/>
</testsuite> <!-- testpckg.TestNGAnnotations -->
