<?xml version="1.0" encoding="UTF-8"?>
<!-- Generated by org.testng.reporters.JUnitReportReporter -->
<testsuite name="testpckg.LoginToInstagramWithTestNG" tests="2" time="46.973" ignored="0" failures="0" timestamp="13 Oct 2021 04:00:55 GMT" skipped="0" hostname="LAPTOP-29E7URT6" errors="0">
  <testcase name="loginToInstagramWithTestNG2" time="21.750" classname="testpckg.LoginToInstagramWithTestNG"/>
  <testcase name="loginToInstagramWithTestNG" time="25.223" classname="testpckg.LoginToInstagramWithTestNG"/>
</testsuite> <!-- testpckg.LoginToInstagramWithTestNG -->
