<?xml version="1.0" encoding="UTF-8"?>
<!-- Generated by org.testng.reporters.JUnitReportReporter -->
<testsuite name="testCases.LoginWithRegisteredUser2" tests="1" time="27.012" ignored="8" failures="0" timestamp="15 Nov 2021 15:28:52 GMT" skipped="0" hostname="LAPTOP-29E7URT6" errors="0">
  <testcase name="loginWithRegisteredUser2" time="27.012" classname="testCases.LoginWithRegisteredUser2"/>
  <testcase name="generateReport" classname="testBase.TestBase_B11">
    <skipped/>
  </testcase> <!-- generateReport -->
  <testcase name="generateReport" classname="testBase.TestBase_B11">
    <skipped/>
  </testcase> <!-- generateReport -->
  <testcase name="generateReport" classname="testBase.TestBase_B11">
    <skipped/>
  </testcase> <!-- generateReport -->
  <testcase name="generateReport" classname="testBase.TestBase_B11">
    <skipped/>
  </testcase> <!-- generateReport -->
  <testcase name="initialization" classname="testBase.TestBase_B11">
    <skipped/>
  </testcase> <!-- initialization -->
  <testcase name="initialization" classname="testBase.TestBase_B11">
    <skipped/>
  </testcase> <!-- initialization -->
  <testcase name="initialization" classname="testBase.TestBase_B11">
    <skipped/>
  </testcase> <!-- initialization -->
  <testcase name="initialization" classname="testBase.TestBase_B11">
    <skipped/>
  </testcase> <!-- initialization -->
</testsuite> <!-- testCases.LoginWithRegisteredUser2 -->
