<?xml version="1.0" encoding="UTF-8"?>
<!-- Generated by org.testng.reporters.JUnitReportReporter -->
<testsuite skipped="0" hostname="LAPTOP-29E7URT6" name="testCases.LoginWithRegisteredUser" tests="1" failures="0" timestamp="18 Nov 2021 04:07:39 GMT" time="47.114" errors="0">
  <testcase name="loginWithRegisteredUser" time="47.114" classname="testCases.LoginWithRegisteredUser"/>
</testsuite> <!-- testCases.LoginWithRegisteredUser -->
