<?xml version="1.0" encoding="UTF-8"?>
<!-- Generated by org.testng.reporters.JUnitReportReporter -->
<testsuite skipped="1" hostname="LAPTOP-29E7URT6" name="testCases.CreateAnAccountToMyStore3" tests="1" failures="0" timestamp="18 Nov 2021 04:07:40 GMT" time="0.000" errors="0">
  <testcase name="createAnAccountToMyStore3" time="0.000" classname="testCases.CreateAnAccountToMyStore3">
    <skipped/>
  </testcase> <!-- createAnAccountToMyStore3 -->
</testsuite> <!-- testCases.CreateAnAccountToMyStore3 -->
